<?xml version="1.0" encoding="UTF-8"?>
<robot generator="Robot 4.0.3 (Python 3.8.10 on linux)" generated="20210924 11:44:35.875" rpa="false" schemaversion="2">
<suite id="s1" name="Amazon" source="/home/n1502752/RobotProject/Tests/Amazon.robot">
<test id="s1-t1" name="User Must Signin to Checkout">
<kw name="Begin Web Test" library="Common">
<kw name="Open Browser" library="SeleniumLibrary">
<arg>about:blank</arg>
<arg>chrome</arg>
<doc>Opens a new browser instance to the optional ``url``.</doc>
<msg timestamp="20210924 11:44:36.644" level="INFO">Opening browser 'chrome' to base url 'about:blank'.</msg>
<status status="PASS" starttime="20210924 11:44:36.642" endtime="20210924 11:44:38.559"/>
</kw>
<status status="PASS" starttime="20210924 11:44:36.639" endtime="20210924 11:44:38.561"/>
</kw>
<kw name="Search the Product">
<msg timestamp="20210924 11:44:38.596" level="FAIL">No keyword with name 'Search the Product' found.</msg>
<status status="FAIL" starttime="20210924 11:44:38.595" endtime="20210924 11:44:38.596"/>
</kw>
<kw name="Select the Product from search result">
<status status="NOT RUN" starttime="20210924 11:44:38.624" endtime="20210924 11:44:38.625"/>
</kw>
<kw name="Add to Cart">
<status status="NOT RUN" starttime="20210924 11:44:38.652" endtime="20210924 11:44:38.653"/>
</kw>
<kw name="Close the Browser" library="Common">
<status status="NOT RUN" starttime="20210924 11:44:38.654" endtime="20210924 11:44:38.654"/>
</kw>
<doc>This is some basic info about test</doc>
<tag>Smoke</tag>
<status status="FAIL" starttime="20210924 11:44:36.634" endtime="20210924 11:44:38.656">No keyword with name 'Search the Product' found.</status>
</test>
<doc>This is the information about whole suite</doc>
<status status="FAIL" starttime="20210924 11:44:35.881" endtime="20210924 11:44:38.659"/>
</suite>
<statistics>
<total>
<stat pass="0" fail="1" skip="0">All Tests</stat>
</total>
<tag>
<stat pass="0" fail="1" skip="0">Smoke</stat>
</tag>
<suite>
<stat pass="0" fail="1" skip="0" id="s1" name="Amazon">Amazon</stat>
</suite>
</statistics>
<errors>
<msg timestamp="20210924 11:44:35.964" level="ERROR">Error in file '/home/n1502752/RobotProject/Tests/Amazon.robot' on line 3: Resource file 'Resource/AmazonUI.robot' does not exist.</msg>
</errors>
</robot>
