<?xml version="1.0" encoding="UTF-8"?>
<robot generator="Robot 4.0.3 (Python 3.8.10 on linux)" generated="20210924 11:50:39.032" rpa="false" schemaversion="2">
<suite id="s1" name="Amazon" source="/home/n1502752/RobotProject/Tests/Amazon.robot">
<test id="s1-t1" name="User Must Signin to Checkout">
<kw name="Common.Begin Web Test">
<msg timestamp="20210924 11:50:39.064" level="FAIL">No keyword with name 'Common.Begin Web Test' found.</msg>
<status status="FAIL" starttime="20210924 11:50:39.063" endtime="20210924 11:50:39.064"/>
</kw>
<kw name="AmazonUI.Search the Product">
<status status="NOT RUN" starttime="20210924 11:50:39.065" endtime="20210924 11:50:39.065"/>
</kw>
<kw name="AmazonUI.Select the Product from search result">
<status status="NOT RUN" starttime="20210924 11:50:39.067" endtime="20210924 11:50:39.067"/>
</kw>
<kw name="AmazonUI.Add to Cart">
<status status="NOT RUN" starttime="20210924 11:50:39.068" endtime="20210924 11:50:39.068"/>
</kw>
<kw name="Common.Close the Browser">
<status status="NOT RUN" starttime="20210924 11:50:39.070" endtime="20210924 11:50:39.070"/>
</kw>
<doc>This is some basic info about test</doc>
<tag>Smoke</tag>
<status status="FAIL" starttime="20210924 11:50:39.062" endtime="20210924 11:50:39.070">No keyword with name 'Common.Begin Web Test' found.</status>
</test>
<doc>This is the information about whole suite</doc>
<status status="FAIL" starttime="20210924 11:50:39.033" endtime="20210924 11:50:39.071"/>
</suite>
<statistics>
<total>
<stat pass="0" fail="1" skip="0">All Tests</stat>
</total>
<tag>
<stat pass="0" fail="1" skip="0">Smoke</stat>
</tag>
<suite>
<stat pass="0" fail="1" skip="0" id="s1" name="Amazon">Amazon</stat>
</suite>
</statistics>
<errors>
<msg timestamp="20210924 11:50:39.060" level="ERROR">Error in file '/home/n1502752/RobotProject/Tests/Amazon.robot' on line 3: Resource file 'Resources/AmazonUI.robot' does not exist.</msg>
<msg timestamp="20210924 11:50:39.061" level="ERROR">Error in file '/home/n1502752/RobotProject/Tests/Amazon.robot' on line 4: Resource file 'Resources/Common.robot' does not exist.</msg>
</errors>
</robot>
